<?xml version="1.0" encoding="UTF-8"?>
<testsuite xmlns:xsi="http://www.w3.org/2001/XMLSchema-instance" xsi:noNamespaceSchemaLocation="https://maven.apache.org/surefire/maven-surefire-plugin/xsd/surefire-test-report-3.0.xsd" version="3.0" name="mypkg.TestClassCalculator" time="0.27" tests="5" errors="0" skipped="0" failures="0">
  <properties>
[...]
</properties>
  <testcase name="test_div" classname="mypkg.TestClassCalculator" time="0.019"/>
  <testcase name="test_mod" classname="mypkg.TestClassCalculator" time="0"/>
  <testcase name="test_mul" classname="mypkg.TestClassCalculator" time="0"/>
  <testcase name="test_sub" classname="mypkg.TestClassCalculator" time="0"/>
  <testcase name="test_sum" classname="mypkg.TestClassCalculator" time="0"/>
</testsuite>